0 info it worked if it ends with ok
1 verbose cli [ 'C:\\Program Files\\nodejs\\node.exe',
1 verbose cli   'C:\\Program Files\\nodejs\\node_modules\\npm\\bin\\npm-cli.js',
1 verbose cli   'run',
1 verbose cli   'dev' ]
2 info using npm@3.10.10
3 info using node@v6.11.0
4 verbose run-script [ 'predev', 'dev', 'postdev' ]
5 info lifecycle www.qiaohx.com@1.0.0~predev: www.qiaohx.com@1.0.0
6 silly lifecycle www.qiaohx.com@1.0.0~predev: no script for predev, continuing
7 info lifecycle www.qiaohx.com@1.0.0~dev: www.qiaohx.com@1.0.0
8 verbose lifecycle www.qiaohx.com@1.0.0~dev: unsafe-perm in lifecycle true
9 verbose lifecycle www.qiaohx.com@1.0.0~dev: PATH: C:\Program Files\nodejs\node_modules\npm\bin\node-gyp-bin;D:\www.qiaohx.com-edits\www.qiaohx.com\www.qiaohx.com\node_modules\.bin;C:\Ruby24-x64\bin;C:\WINDOWS\system32;C:\WINDOWS;C:\WINDOWS\System32\Wbem;C:\WINDOWS\System32\WindowsPowerShell\v1.0\;C:\Program Files (x86)\Microsoft SQL Server\80\Tools\Binn\;C:\Program Files\Microsoft SQL Server\90\DTS\Binn\;C:\Program Files\Microsoft SQL Server\90\Tools\binn\;C:\Program Files (x86)\Microsoft SQL Server\90\Tools\binn\;C:\Program Files (x86)\Microsoft SQL Server\90\DTS\Binn\;C:\Program Files (x86)\Microsoft SQL Server\90\Tools\Binn\VSShell\Common7\IDE\;C:\Program Files (x86)\Microsoft Visual Studio 8\Common7\IDE\PrivateAssemblies\;C:\Program Files (x86)\bin;E:\phpStudy\php53;C:\Program Files\nodejs\;C:\Program Files\Lenovo\Bluetooth Software\;C:\Program Files\Lenovo\Bluetooth Software\syswow64;C:\Program Files\Git\cmd;C:\WINDOWS\System32\OpenSSH\;C:\Users\mei\scoop\shims;E:\xampp\mysql\bin.;C:\Windows\System32;C:\Users\mei\AppData\Roaming\npm;C:\Users\mei\Program Files\nodejs\node_global;C:\Users\mei\AppData\Local\GitHubDesktop\bin;D:\Bandizip\;C:\Ruby24-x64\bin;%USERPROFILE%\AppData\Local\Microsoft\WindowsApps;
10 verbose lifecycle www.qiaohx.com@1.0.0~dev: CWD: D:\www.qiaohx.com-edits\www.qiaohx.com\www.qiaohx.com
11 silly lifecycle www.qiaohx.com@1.0.0~dev: Args: [ '/d /s /c',
11 silly lifecycle   'webpack-dev-server --inline --progress --config build/webpack.dev.conf.js' ]
12 silly lifecycle www.qiaohx.com@1.0.0~dev: Returned: code: 3221225786  signal: null
13 info lifecycle www.qiaohx.com@1.0.0~dev: Failed to exec dev script
14 verbose stack Error: www.qiaohx.com@1.0.0 dev: `webpack-dev-server --inline --progress --config build/webpack.dev.conf.js`
14 verbose stack Exit status 3221225786
14 verbose stack     at EventEmitter.<anonymous> (C:\Program Files\nodejs\node_modules\npm\lib\utils\lifecycle.js:255:16)
14 verbose stack     at emitTwo (events.js:106:13)
14 verbose stack     at EventEmitter.emit (events.js:191:7)
14 verbose stack     at ChildProcess.<anonymous> (C:\Program Files\nodejs\node_modules\npm\lib\utils\spawn.js:40:14)
14 verbose stack     at emitTwo (events.js:106:13)
14 verbose stack     at ChildProcess.emit (events.js:191:7)
14 verbose stack     at maybeClose (internal/child_process.js:891:16)
14 verbose stack     at Process.ChildProcess._handle.onexit (internal/child_process.js:226:5)
15 verbose pkgid www.qiaohx.com@1.0.0
16 verbose cwd D:\www.qiaohx.com-edits\www.qiaohx.com\www.qiaohx.com
17 error Windows_NT 10.0.17763
18 error argv "C:\\Program Files\\nodejs\\node.exe" "C:\\Program Files\\nodejs\\node_modules\\npm\\bin\\npm-cli.js" "run" "dev"
19 error node v6.11.0
20 error npm  v3.10.10
21 error code ELIFECYCLE
22 error www.qiaohx.com@1.0.0 dev: `webpack-dev-server --inline --progress --config build/webpack.dev.conf.js`
22 error Exit status 3221225786
23 error Failed at the www.qiaohx.com@1.0.0 dev script 'webpack-dev-server --inline --progress --config build/webpack.dev.conf.js'.
23 error Make sure you have the latest version of node.js and npm installed.
23 error If you do, this is most likely a problem with the www.qiaohx.com package,
23 error not with npm itself.
23 error Tell the author that this fails on your system:
23 error     webpack-dev-server --inline --progress --config build/webpack.dev.conf.js
23 error You can get information on how to open an issue for this project with:
23 error     npm bugs www.qiaohx.com
23 error Or if that isn't available, you can get their info via:
23 error     npm owner ls www.qiaohx.com
23 error There is likely additional logging output above.
24 verbose exit [ 1, true ]
